<?xml version="1.0" encoding="utf-8" ?>
<!DOCTYPE html PUBLIC "-//W3C//DTD XHTML 1.0 Strict//EN"
        "http://www.w3.org/TR/xhtml1/DTD/xhtml1-strict.dtd">
<html xmlns="http://www.w3.org/1999/xhtml" xml:lang="" lang="">
<head>
  <title>Test Results Report - AccountLogin Test</title>
  <meta http-equiv="Content-Type" content="text/html;charset=utf-8" />
  <meta name="description" content="TestNG unit test results." />
  <link href="reportng.css" rel="stylesheet" type="text/css" />
    <script type="text/javascript" src="reportng.js"></script>
</head>
<body>
<h1>AccountLogin Test</h1>
<p>
  Test duration: 74.486s
</p>



  <table class="resultsTable">
    <tr><th colspan="3" class="header failed">Failed Tests</th></tr>
          <tr>
        <td colspan="3" class="group">com.bank.testsuite.BankTest</td>
      </tr>
            
<tr>
  <td class="method">
                  customerShouldDepositMoneySuccessfully
      </td>
  <td class="duration">
    42.425s
  </td>
  <td class="result">
        
    
            <div class="testOutput">
                        click on bank manager login&nbsp;&nbsp; [[ChromeDriver: chrome on WINDOWS (a4ef69f43dad0eb924709a549ebef1ca)] -&gt; xpath: //button[contains(text(),&apos;Bank Manager Login&apos;)]]<br />
                                click on add cutomer button [[ChromeDriver: chrome on WINDOWS (a4ef69f43dad0eb924709a549ebef1ca)] -&gt; xpath: //button[@ng-class=&apos;btnClass1&apos;]]<br />
                                first name [[ChromeDriver: chrome on WINDOWS (a4ef69f43dad0eb924709a549ebef1ca)] -&gt; xpath: //input[@placeholder=&apos;First Name&apos;]]<br />
                                enter last name [[ChromeDriver: chrome on WINDOWS (a4ef69f43dad0eb924709a549ebef1ca)] -&gt; xpath: //input[@placeholder=&apos;Last Name&apos;]]<br />
                                enter postcoed [[ChromeDriver: chrome on WINDOWS (a4ef69f43dad0eb924709a549ebef1ca)] -&gt; xpath: //input[@placeholder=&apos;Post Code&apos;]]<br />
                                click on ass cutomer button&nbsp; [[ChromeDriver: chrome on WINDOWS (a4ef69f43dad0eb924709a549ebef1ca)] -&gt; xpath: //button[@type=&apos;submit&apos;]]<br />
                                click on search customer&nbsp; [[ChromeDriver: chrome on WINDOWS (a4ef69f43dad0eb924709a549ebef1ca)] -&gt; xpath: //button[@ng-class=&apos;btnClass2&apos;]]<br />
                                click on search customer&nbsp; [[ChromeDriver: chrome on WINDOWS (a4ef69f43dad0eb924709a549ebef1ca)] -&gt; xpath: //select[@id=&apos;userSelect&apos;]]<br />
                                click on search customer&nbsp; [[ChromeDriver: chrome on WINDOWS (a4ef69f43dad0eb924709a549ebef1ca)] -&gt; xpath: //option[@value=&apos;5&apos;]]<br />
                                click on process buttton&nbsp; [[ChromeDriver: chrome on WINDOWS (a4ef69f43dad0eb924709a549ebef1ca)] -&gt; xpath: //button[contains(text(),&apos;Process&apos;)]]<br />
                                click on search customer&nbsp; [[ChromeDriver: chrome on WINDOWS (a4ef69f43dad0eb924709a549ebef1ca)] -&gt; xpath: //select[@id=&apos;currency&apos;]]<br />
                                click on pound&nbsp;&nbsp; [[ChromeDriver: chrome on WINDOWS (a4ef69f43dad0eb924709a549ebef1ca)] -&gt; xpath: //option[contains(text(),&apos;Pound&apos;)]]<br />
                                click on process buttton&nbsp; [[ChromeDriver: chrome on WINDOWS (a4ef69f43dad0eb924709a549ebef1ca)] -&gt; xpath: //button[contains(text(),&apos;Process&apos;)]]<br />
                                click on search customer&nbsp; [[ChromeDriver: chrome on WINDOWS (a4ef69f43dad0eb924709a549ebef1ca)] -&gt; xpath: //button[contains(text(),&apos;Home&apos;)]]<br />
                                click on search customer&nbsp; [[ChromeDriver: chrome on WINDOWS (a4ef69f43dad0eb924709a549ebef1ca)] -&gt; xpath: //button[contains(text(),&apos;Customer Login&apos;)]]<br />
                                click on search customer&nbsp; [[ChromeDriver: chrome on WINDOWS (a4ef69f43dad0eb924709a549ebef1ca)] -&gt; xpath: //select[@id=&apos;userSelect&apos;]]<br />
                                click on your name&nbsp; customer&nbsp; [[ChromeDriver: chrome on WINDOWS (a4ef69f43dad0eb924709a549ebef1ca)] -&gt; xpath: //option[@value=&apos;6&apos;]]<br />
                                click on search customer&nbsp; [[ChromeDriver: chrome on WINDOWS (a4ef69f43dad0eb924709a549ebef1ca)] -&gt; xpath: //button[contains(text(),&apos;Home&apos;)]]<br />
                                click on deposite&nbsp; button Proxy element for: DefaultElementLocator &apos;By.xpath: //body[1]/div[3]/div[1]/div[2]/div[1]/div[3]/button[2]&apos;<br />
                  </div>
    

        <a href="javascript:toggleElement('exception-0', 'block')" title="Click to expand/collapse"><b>org.openqa.selenium.NoSuchElementException: no such element: Unable to locate element: {&quot;method&quot;:&quot;xpath&quot;,&quot;selector&quot;:&quot;//body[1]/div[3]/div[1]/div[2]/div[1]/div[3]/button[2]&quot;}<br/>
&nbsp; (Session info: chrome=108.0.5359.99)<br/>
For documentation on this error, please visit: https://selenium.dev/exceptions/#no_such_element<br/>
Build info: version: &apos;4.6.0&apos;, revision: &apos;79f1c02ae20&apos;<br/>
System info: os.name: &apos;Windows 10&apos;, os.arch: &apos;amd64&apos;, os.version: &apos;10.0&apos;, java.version: &apos;1.8.0_121&apos;<br/>
Driver info: org.openqa.selenium.chrome.ChromeDriver<br/>
Command: [a4ef69f43dad0eb924709a549ebef1ca, findElement {using=xpath, value=//body[1]/div[3]/div[1]/div[2]/div[1]/div[3]/button[2]}]<br/>
Capabilities {acceptInsecureCerts: false, browserName: chrome, browserVersion: 108.0.5359.99, chrome: {chromedriverVersion: 108.0.5359.71 (1e0e3868ee06..., userDataDir: C:\Users\pjmar\AppData\Loca...}, goog:chromeOptions: {debuggerAddress: localhost:65229}, networkConnectionEnabled: false, pageLoadStrategy: normal, platformName: WINDOWS, proxy: Proxy(), se:cdp: ws://localhost:65229/devtoo..., se:cdpVersion: 108.0.5359.99, setWindowRect: true, strictFileInteractability: false, timeouts: {implicit: 0, pageLoad: 300000, script: 30000}, unhandledPromptBehavior: dismiss and notify, webauthn:extension:credBlob: true, webauthn:extension:largeBlob: true, webauthn:virtualAuthenticators: true}<br/>
Session ID: a4ef69f43dad0eb924709a549ebef1ca</b></a><br />
    <div class="stackTrace" id="exception-0">
              sun.reflect.NativeConstructorAccessorImpl.newInstance0(Native Method)<br />
              sun.reflect.NativeConstructorAccessorImpl.newInstance(NativeConstructorAccessorImpl.java:62)<br />
              sun.reflect.DelegatingConstructorAccessorImpl.newInstance(DelegatingConstructorAccessorImpl.java:45)<br />
              java.lang.reflect.Constructor.newInstance(Constructor.java:423)<br />
              org.openqa.selenium.remote.codec.w3c.W3CHttpResponseCodec.createException(W3CHttpResponseCodec.java:200)<br />
              org.openqa.selenium.remote.codec.w3c.W3CHttpResponseCodec.decode(W3CHttpResponseCodec.java:133)<br />
              org.openqa.selenium.remote.codec.w3c.W3CHttpResponseCodec.decode(W3CHttpResponseCodec.java:53)<br />
              org.openqa.selenium.remote.HttpCommandExecutor.execute(HttpCommandExecutor.java:184)<br />
              org.openqa.selenium.remote.service.DriverCommandExecutor.invokeExecute(DriverCommandExecutor.java:167)<br />
              org.openqa.selenium.remote.service.DriverCommandExecutor.execute(DriverCommandExecutor.java:142)<br />
              org.openqa.selenium.remote.RemoteWebDriver.execute(RemoteWebDriver.java:541)<br />
              org.openqa.selenium.remote.ElementLocation$ElementFinder$2.findElement(ElementLocation.java:162)<br />
              org.openqa.selenium.remote.ElementLocation.findElement(ElementLocation.java:60)<br />
              org.openqa.selenium.remote.RemoteWebDriver.findElement(RemoteWebDriver.java:365)<br />
              org.openqa.selenium.remote.RemoteWebDriver.findElement(RemoteWebDriver.java:357)<br />
              org.openqa.selenium.support.pagefactory.DefaultElementLocator.findElement(DefaultElementLocator.java:70)<br />
              org.openqa.selenium.support.pagefactory.internal.LocatingElementHandler.invoke(LocatingElementHandler.java:39)<br />
              com.sun.proxy.$Proxy10.click(Unknown Source)<br />
              com.bank.utility.Utility.clickOnElement(Utility.java:47)<br />
              com.bank.pages.AccountPage.clickOnDepositButton(AccountPage.java:50)<br />
              com.bank.testsuite.BankTest.customerShouldDepositMoneySuccessfully(BankTest.java:137)<br />
              sun.reflect.NativeMethodAccessorImpl.invoke0(Native Method)<br />
              sun.reflect.NativeMethodAccessorImpl.invoke(NativeMethodAccessorImpl.java:62)<br />
              sun.reflect.DelegatingMethodAccessorImpl.invoke(DelegatingMethodAccessorImpl.java:43)<br />
              java.lang.reflect.Method.invoke(Method.java:498)<br />
              org.testng.internal.invokers.MethodInvocationHelper.invokeMethod(MethodInvocationHelper.java:135)<br />
              org.testng.internal.invokers.TestInvoker.invokeMethod(TestInvoker.java:673)<br />
              org.testng.internal.invokers.TestInvoker.invokeTestMethod(TestInvoker.java:220)<br />
              org.testng.internal.invokers.MethodRunner.runInSequence(MethodRunner.java:50)<br />
              org.testng.internal.invokers.TestInvoker$MethodInvocationAgent.invoke(TestInvoker.java:945)<br />
              org.testng.internal.invokers.TestInvoker.invokeTestMethods(TestInvoker.java:193)<br />
              org.testng.internal.invokers.TestMethodWorker.invokeTestMethods(TestMethodWorker.java:146)<br />
              org.testng.internal.invokers.TestMethodWorker.run(TestMethodWorker.java:128)<br />
              java.util.ArrayList.forEach(ArrayList.java:1249)<br />
              org.testng.TestRunner.privateRun(TestRunner.java:808)<br />
              org.testng.TestRunner.run(TestRunner.java:603)<br />
              org.testng.SuiteRunner.runTest(SuiteRunner.java:429)<br />
              org.testng.SuiteRunner.runSequentially(SuiteRunner.java:423)<br />
              org.testng.SuiteRunner.privateRun(SuiteRunner.java:383)<br />
              org.testng.SuiteRunner.run(SuiteRunner.java:326)<br />
              org.testng.SuiteRunnerWorker.runSuite(SuiteRunnerWorker.java:52)<br />
              org.testng.SuiteRunnerWorker.run(SuiteRunnerWorker.java:95)<br />
              org.testng.TestNG.runSuitesSequentially(TestNG.java:1249)<br />
              org.testng.TestNG.runSuitesLocally(TestNG.java:1169)<br />
              org.testng.TestNG.runSuites(TestNG.java:1092)<br />
              org.testng.TestNG.run(TestNG.java:1060)<br />
              com.intellij.rt.testng.IDEARemoteTestNG.run(IDEARemoteTestNG.java:66)<br />
              com.intellij.rt.testng.RemoteTestNGStarter.main(RemoteTestNGStarter.java:109)<br />
                </div>
      </td>
</tr>
<tr>
  <td class="method">
                  customerShouldWithdrawMoneySuccessfully
      </td>
  <td class="duration">
    1.645s
  </td>
  <td class="result">
        
    
            <div class="testOutput">
                        click on bank manager login&nbsp;&nbsp; [[ChromeDriver: chrome on WINDOWS (793a3a6bd20bbd63d31b7753da5a43da)] -&gt; xpath: //button[contains(text(),&apos;Bank Manager Login&apos;)]]<br />
                                click on add cutomer button [[ChromeDriver: chrome on WINDOWS (793a3a6bd20bbd63d31b7753da5a43da)] -&gt; xpath: //button[@ng-class=&apos;btnClass1&apos;]]<br />
                                first name [[ChromeDriver: chrome on WINDOWS (793a3a6bd20bbd63d31b7753da5a43da)] -&gt; xpath: //input[@placeholder=&apos;First Name&apos;]]<br />
                                enter last name [[ChromeDriver: chrome on WINDOWS (793a3a6bd20bbd63d31b7753da5a43da)] -&gt; xpath: //input[@placeholder=&apos;Last Name&apos;]]<br />
                                enter postcoed [[ChromeDriver: chrome on WINDOWS (793a3a6bd20bbd63d31b7753da5a43da)] -&gt; xpath: //input[@placeholder=&apos;Post Code&apos;]]<br />
                                click on ass cutomer button&nbsp; [[ChromeDriver: chrome on WINDOWS (793a3a6bd20bbd63d31b7753da5a43da)] -&gt; xpath: //button[@type=&apos;submit&apos;]]<br />
                                click on search customer&nbsp; [[ChromeDriver: chrome on WINDOWS (793a3a6bd20bbd63d31b7753da5a43da)] -&gt; xpath: //button[contains(text(),&apos;Home&apos;)]]<br />
                                click on search customer&nbsp; [[ChromeDriver: chrome on WINDOWS (793a3a6bd20bbd63d31b7753da5a43da)] -&gt; xpath: //button[contains(text(),&apos;Customer Login&apos;)]]<br />
                                click on search customer&nbsp; [[ChromeDriver: chrome on WINDOWS (793a3a6bd20bbd63d31b7753da5a43da)] -&gt; xpath: //select[@id=&apos;userSelect&apos;]]<br />
                                click on your name&nbsp; customer&nbsp; [[ChromeDriver: chrome on WINDOWS (793a3a6bd20bbd63d31b7753da5a43da)] -&gt; xpath: //option[@value=&apos;6&apos;]]<br />
                                click on login&nbsp; [[ChromeDriver: chrome on WINDOWS (793a3a6bd20bbd63d31b7753da5a43da)] -&gt; xpath: //button[contains(text(),&apos;Login&apos;)]]<br />
                                click on search customer&nbsp; [[ChromeDriver: chrome on WINDOWS (793a3a6bd20bbd63d31b7753da5a43da)] -&gt; xpath: //button[contains(text(),&apos;Customer Login&apos;)]]<br />
                  </div>
    

        <a href="javascript:toggleElement('exception-1', 'block')" title="Click to expand/collapse"><b>org.openqa.selenium.StaleElementReferenceException: stale element reference: element is not attached to the page document<br/>
&nbsp; (Session info: chrome=108.0.5359.99)<br/>
For documentation on this error, please visit: https://selenium.dev/exceptions/#stale_element_reference<br/>
Build info: version: &apos;4.6.0&apos;, revision: &apos;79f1c02ae20&apos;<br/>
System info: os.name: &apos;Windows 10&apos;, os.arch: &apos;amd64&apos;, os.version: &apos;10.0&apos;, java.version: &apos;1.8.0_121&apos;<br/>
Driver info: org.openqa.selenium.chrome.ChromeDriver<br/>
Command: [793a3a6bd20bbd63d31b7753da5a43da, clickElement {id=3a94fba2-918a-4f06-abdb-b1a6c27ea0de}]<br/>
Capabilities {acceptInsecureCerts: false, browserName: chrome, browserVersion: 108.0.5359.99, chrome: {chromedriverVersion: 108.0.5359.71 (1e0e3868ee06..., userDataDir: C:\Users\pjmar\AppData\Loca...}, goog:chromeOptions: {debuggerAddress: localhost:65375}, networkConnectionEnabled: false, pageLoadStrategy: normal, platformName: WINDOWS, proxy: Proxy(), se:cdp: ws://localhost:65375/devtoo..., se:cdpVersion: 108.0.5359.99, setWindowRect: true, strictFileInteractability: false, timeouts: {implicit: 0, pageLoad: 300000, script: 30000}, unhandledPromptBehavior: dismiss and notify, webauthn:extension:credBlob: true, webauthn:extension:largeBlob: true, webauthn:virtualAuthenticators: true}<br/>
Element: [[ChromeDriver: chrome on WINDOWS (793a3a6bd20bbd63d31b7753da5a43da)] -&gt; xpath: //button[contains(text(),&apos;Customer Login&apos;)]]<br/>
Session ID: 793a3a6bd20bbd63d31b7753da5a43da</b></a><br />
    <div class="stackTrace" id="exception-1">
              sun.reflect.NativeConstructorAccessorImpl.newInstance0(Native Method)<br />
              sun.reflect.NativeConstructorAccessorImpl.newInstance(NativeConstructorAccessorImpl.java:62)<br />
              sun.reflect.DelegatingConstructorAccessorImpl.newInstance(DelegatingConstructorAccessorImpl.java:45)<br />
              java.lang.reflect.Constructor.newInstance(Constructor.java:423)<br />
              org.openqa.selenium.remote.codec.w3c.W3CHttpResponseCodec.createException(W3CHttpResponseCodec.java:200)<br />
              org.openqa.selenium.remote.codec.w3c.W3CHttpResponseCodec.decode(W3CHttpResponseCodec.java:133)<br />
              org.openqa.selenium.remote.codec.w3c.W3CHttpResponseCodec.decode(W3CHttpResponseCodec.java:53)<br />
              org.openqa.selenium.remote.HttpCommandExecutor.execute(HttpCommandExecutor.java:184)<br />
              org.openqa.selenium.remote.service.DriverCommandExecutor.invokeExecute(DriverCommandExecutor.java:167)<br />
              org.openqa.selenium.remote.service.DriverCommandExecutor.execute(DriverCommandExecutor.java:142)<br />
              org.openqa.selenium.remote.RemoteWebDriver.execute(RemoteWebDriver.java:541)<br />
              org.openqa.selenium.remote.RemoteWebElement.execute(RemoteWebElement.java:257)<br />
              org.openqa.selenium.remote.RemoteWebElement.click(RemoteWebElement.java:78)<br />
              sun.reflect.GeneratedMethodAccessor2.invoke(Unknown Source)<br />
              sun.reflect.DelegatingMethodAccessorImpl.invoke(DelegatingMethodAccessorImpl.java:43)<br />
              java.lang.reflect.Method.invoke(Method.java:498)<br />
              org.openqa.selenium.support.pagefactory.internal.LocatingElementHandler.invoke(LocatingElementHandler.java:52)<br />
              com.sun.proxy.$Proxy10.click(Unknown Source)<br />
              com.bank.utility.Utility.clickOnElement(Utility.java:47)<br />
              com.bank.pages.HomePage.clickOnCustomerLoginPage(HomePage.java:23)<br />
              com.bank.testsuite.BankTest.customerShouldWithdrawMoneySuccessfully(BankTest.java:171)<br />
              sun.reflect.NativeMethodAccessorImpl.invoke0(Native Method)<br />
              sun.reflect.NativeMethodAccessorImpl.invoke(NativeMethodAccessorImpl.java:62)<br />
              sun.reflect.DelegatingMethodAccessorImpl.invoke(DelegatingMethodAccessorImpl.java:43)<br />
              java.lang.reflect.Method.invoke(Method.java:498)<br />
              org.testng.internal.invokers.MethodInvocationHelper.invokeMethod(MethodInvocationHelper.java:135)<br />
              org.testng.internal.invokers.TestInvoker.invokeMethod(TestInvoker.java:673)<br />
              org.testng.internal.invokers.TestInvoker.invokeTestMethod(TestInvoker.java:220)<br />
              org.testng.internal.invokers.MethodRunner.runInSequence(MethodRunner.java:50)<br />
              org.testng.internal.invokers.TestInvoker$MethodInvocationAgent.invoke(TestInvoker.java:945)<br />
              org.testng.internal.invokers.TestInvoker.invokeTestMethods(TestInvoker.java:193)<br />
              org.testng.internal.invokers.TestMethodWorker.invokeTestMethods(TestMethodWorker.java:146)<br />
              org.testng.internal.invokers.TestMethodWorker.run(TestMethodWorker.java:128)<br />
              java.util.ArrayList.forEach(ArrayList.java:1249)<br />
              org.testng.TestRunner.privateRun(TestRunner.java:808)<br />
              org.testng.TestRunner.run(TestRunner.java:603)<br />
              org.testng.SuiteRunner.runTest(SuiteRunner.java:429)<br />
              org.testng.SuiteRunner.runSequentially(SuiteRunner.java:423)<br />
              org.testng.SuiteRunner.privateRun(SuiteRunner.java:383)<br />
              org.testng.SuiteRunner.run(SuiteRunner.java:326)<br />
              org.testng.SuiteRunnerWorker.runSuite(SuiteRunnerWorker.java:52)<br />
              org.testng.SuiteRunnerWorker.run(SuiteRunnerWorker.java:95)<br />
              org.testng.TestNG.runSuitesSequentially(TestNG.java:1249)<br />
              org.testng.TestNG.runSuitesLocally(TestNG.java:1169)<br />
              org.testng.TestNG.runSuites(TestNG.java:1092)<br />
              org.testng.TestNG.run(TestNG.java:1060)<br />
              com.intellij.rt.testng.IDEARemoteTestNG.run(IDEARemoteTestNG.java:66)<br />
              com.intellij.rt.testng.RemoteTestNGStarter.main(RemoteTestNGStarter.java:109)<br />
                </div>
      </td>
</tr>
      </table>


  <table class="resultsTable">
    <tr><th colspan="3" class="header passed">Passed Tests</th></tr>
          <tr>
        <td colspan="3" class="group">com.bank.testsuite.BankTest</td>
      </tr>
            
<tr>
  <td class="method">
                  bankManagerShouldAddCustomerSuccessfully
      </td>
  <td class="duration">
    1.195s
  </td>
  <td class="result">
        
    
            <div class="testOutput">
                        click on bank manager login&nbsp;&nbsp; [[ChromeDriver: chrome on WINDOWS (797635aaa60cc39aa089001dc3c673e5)] -&gt; xpath: //button[contains(text(),&apos;Bank Manager Login&apos;)]]<br />
                                click on add cutomer button [[ChromeDriver: chrome on WINDOWS (797635aaa60cc39aa089001dc3c673e5)] -&gt; xpath: //button[@ng-class=&apos;btnClass1&apos;]]<br />
                                first name [[ChromeDriver: chrome on WINDOWS (797635aaa60cc39aa089001dc3c673e5)] -&gt; xpath: //input[@placeholder=&apos;First Name&apos;]]<br />
                                enter last name [[ChromeDriver: chrome on WINDOWS (797635aaa60cc39aa089001dc3c673e5)] -&gt; xpath: //input[@placeholder=&apos;Last Name&apos;]]<br />
                                enter postcoed [[ChromeDriver: chrome on WINDOWS (797635aaa60cc39aa089001dc3c673e5)] -&gt; xpath: //input[@placeholder=&apos;Post Code&apos;]]<br />
                                click on ass cutomer button&nbsp; [[ChromeDriver: chrome on WINDOWS (797635aaa60cc39aa089001dc3c673e5)] -&gt; xpath: //button[@type=&apos;submit&apos;]]<br />
                  </div>
    

      </td>
</tr>
<tr>
  <td class="method">
                  bankManagerShouldOpenAccountSuccessfully
      </td>
  <td class="duration">
    1.763s
  </td>
  <td class="result">
        
    
            <div class="testOutput">
                        click on bank manager login&nbsp;&nbsp; [[ChromeDriver: chrome on WINDOWS (2be216d5704c205089dd1cc014b86d15)] -&gt; xpath: //button[contains(text(),&apos;Bank Manager Login&apos;)]]<br />
                                click on add cutomer button [[ChromeDriver: chrome on WINDOWS (2be216d5704c205089dd1cc014b86d15)] -&gt; xpath: //button[@ng-class=&apos;btnClass1&apos;]]<br />
                                first name [[ChromeDriver: chrome on WINDOWS (2be216d5704c205089dd1cc014b86d15)] -&gt; xpath: //input[@placeholder=&apos;First Name&apos;]]<br />
                                enter last name [[ChromeDriver: chrome on WINDOWS (2be216d5704c205089dd1cc014b86d15)] -&gt; xpath: //input[@placeholder=&apos;Last Name&apos;]]<br />
                                enter postcoed [[ChromeDriver: chrome on WINDOWS (2be216d5704c205089dd1cc014b86d15)] -&gt; xpath: //input[@placeholder=&apos;Post Code&apos;]]<br />
                                click on ass cutomer button&nbsp; [[ChromeDriver: chrome on WINDOWS (2be216d5704c205089dd1cc014b86d15)] -&gt; xpath: //button[@type=&apos;submit&apos;]]<br />
                                click on search customer&nbsp; [[ChromeDriver: chrome on WINDOWS (2be216d5704c205089dd1cc014b86d15)] -&gt; xpath: //button[@ng-class=&apos;btnClass2&apos;]]<br />
                                click on search customer&nbsp; [[ChromeDriver: chrome on WINDOWS (2be216d5704c205089dd1cc014b86d15)] -&gt; xpath: //select[@id=&apos;userSelect&apos;]]<br />
                                click on search customer&nbsp; [[ChromeDriver: chrome on WINDOWS (2be216d5704c205089dd1cc014b86d15)] -&gt; xpath: //option[@value=&apos;5&apos;]]<br />
                                click on search customer&nbsp; [[ChromeDriver: chrome on WINDOWS (2be216d5704c205089dd1cc014b86d15)] -&gt; xpath: //select[@id=&apos;currency&apos;]]<br />
                                click on pound&nbsp;&nbsp; [[ChromeDriver: chrome on WINDOWS (2be216d5704c205089dd1cc014b86d15)] -&gt; xpath: //option[contains(text(),&apos;Pound&apos;)]]<br />
                                click on process buttton&nbsp; [[ChromeDriver: chrome on WINDOWS (2be216d5704c205089dd1cc014b86d15)] -&gt; xpath: //button[contains(text(),&apos;Process&apos;)]]<br />
                  </div>
    

      </td>
</tr>
<tr>
  <td class="method">
                  customerShouldLoginAndLogoutSuceessfully
      </td>
  <td class="duration">
    1.848s
  </td>
  <td class="result">
        
    
            <div class="testOutput">
                        click on bank manager login&nbsp;&nbsp; [[ChromeDriver: chrome on WINDOWS (1501527a39d334ced191e527391a5a2e)] -&gt; xpath: //button[contains(text(),&apos;Bank Manager Login&apos;)]]<br />
                                click on add cutomer button [[ChromeDriver: chrome on WINDOWS (1501527a39d334ced191e527391a5a2e)] -&gt; xpath: //button[@ng-class=&apos;btnClass1&apos;]]<br />
                                first name [[ChromeDriver: chrome on WINDOWS (1501527a39d334ced191e527391a5a2e)] -&gt; xpath: //input[@placeholder=&apos;First Name&apos;]]<br />
                                enter last name [[ChromeDriver: chrome on WINDOWS (1501527a39d334ced191e527391a5a2e)] -&gt; xpath: //input[@placeholder=&apos;Last Name&apos;]]<br />
                                enter postcoed [[ChromeDriver: chrome on WINDOWS (1501527a39d334ced191e527391a5a2e)] -&gt; xpath: //input[@placeholder=&apos;Post Code&apos;]]<br />
                                click on ass cutomer button&nbsp; [[ChromeDriver: chrome on WINDOWS (1501527a39d334ced191e527391a5a2e)] -&gt; xpath: //button[@type=&apos;submit&apos;]]<br />
                                click on search customer&nbsp; [[ChromeDriver: chrome on WINDOWS (1501527a39d334ced191e527391a5a2e)] -&gt; xpath: //button[contains(text(),&apos;Home&apos;)]]<br />
                                click on search customer&nbsp; [[ChromeDriver: chrome on WINDOWS (1501527a39d334ced191e527391a5a2e)] -&gt; xpath: //button[contains(text(),&apos;Customer Login&apos;)]]<br />
                                click on search customer&nbsp; [[ChromeDriver: chrome on WINDOWS (1501527a39d334ced191e527391a5a2e)] -&gt; xpath: //select[@id=&apos;userSelect&apos;]]<br />
                                click on your name&nbsp; customer&nbsp; [[ChromeDriver: chrome on WINDOWS (1501527a39d334ced191e527391a5a2e)] -&gt; xpath: //option[@value=&apos;6&apos;]]<br />
                                click on login&nbsp; [[ChromeDriver: chrome on WINDOWS (1501527a39d334ced191e527391a5a2e)] -&gt; xpath: //button[contains(text(),&apos;Login&apos;)]]<br />
                                click on search customer&nbsp; [[ChromeDriver: chrome on WINDOWS (1501527a39d334ced191e527391a5a2e)] -&gt; xpath: //span[contains(text(),&apos;Pooja Patel&apos;)]]<br />
                                click on logout&nbsp; [[ChromeDriver: chrome on WINDOWS (1501527a39d334ced191e527391a5a2e)] -&gt; xpath: //button[contains(text(),&apos;Logout&apos;)]]<br />
                  </div>
    

      </td>
</tr>
      </table>
  
</body>
</html>
